<?xml version="1.0" encoding="UTF-8"?>
<!-- Generated by org.testng.reporters.JUnitXMLReporter -->
<testsuite ignored="0" hostname="LAPTOP-80F1PCHC" failures="1" tests="3" name="Test2" time="0.34" errors="0" timestamp="2026-03-20T23:16:38 IST">
  <testcase classname="com.skillio3.Practice" name="m1" time="0.066"/>
  <testcase classname="com.skillio3.Practice" name="m2" time="0.016"/>
  <testcase classname="com.skillio3.Practice" name="m3" time="0.006">
    <failure type="org.testng.TestException" message="
Expected exception of type class java.lang.ArrayIndexOutOfBoundsException but got java.lang.ArithmeticException">
      <![CDATA[org.testng.TestException: 
Expected exception of type class java.lang.ArrayIndexOutOfBoundsException but got java.lang.ArithmeticException
at java.base/java.util.ArrayList.forEach(ArrayList.java:1596)
at java.base/java.util.concurrent.FutureTask.run(FutureTask.java:317)
at java.base/java.util.concurrent.ThreadPoolExecutor.runWorker(ThreadPoolExecutor.java:1144)
at java.base/java.util.concurrent.ThreadPoolExecutor$Worker.run(ThreadPoolExecutor.java:642)
at java.base/java.lang.Thread.run(Thread.java:1583)
Caused by: java.lang.ArithmeticException
at com.skillio3.Practice.m3(Practice.java:34)
... 16 more
... Removed 19 stack frames]]>
    </failure>
  </testcase> <!-- m3 -->
</testsuite> <!-- Test2 -->
