<?xml version="1.0" encoding="UTF-8"?>
<testng-results ignored="0" total="4" passed="3" failed="1" skipped="0">
  <reporter-output>
  </reporter-output>
  <suite started-at="2026-03-20T23:16:38 IST" name="Suite" finished-at="2026-03-20T23:16:54 IST" duration-ms="15664">
    <groups>
    </groups>
    <test started-at="2026-03-20T23:16:38 IST" name="Test2" finished-at="2026-03-20T23:16:38 IST" duration-ms="340">
      <class name="com.skillio3.Practice">
        <test-method signature="m1(java.lang.String)[pri:0, instance:com.skillio3.Practice@45b4c3a9]" started-at="2026-03-20T23:16:38 IST" name="m1" finished-at="2026-03-20T23:16:38 IST" duration-ms="66" status="PASS">
          <params>
            <param index="0">
              <value>
                <![CDATA[1]]>
              </value>
            </param>
          </params>
          <reporter-output>
          </reporter-output>
        </test-method> <!-- m1 -->
        <test-method signature="m2()[pri:0, instance:com.skillio3.Practice@45b4c3a9]" started-at="2026-03-20T23:16:38 IST" name="m2" finished-at="2026-03-20T23:16:38 IST" duration-ms="16" status="PASS">
          <reporter-output>
          </reporter-output>
        </test-method> <!-- m2 -->
        <test-method signature="m3()[pri:0, instance:com.skillio3.Practice@45b4c3a9]" started-at="2026-03-20T23:16:38 IST" name="m3" finished-at="2026-03-20T23:16:38 IST" duration-ms="6" status="FAIL">
          <exception class="org.testng.TestException">
            <message>
              <![CDATA[
Expected exception of type class java.lang.ArrayIndexOutOfBoundsException but got java.lang.ArithmeticException]]>
            </message>
            <full-stacktrace>
              <![CDATA[org.testng.TestException: 
Expected exception of type class java.lang.ArrayIndexOutOfBoundsException but got java.lang.ArithmeticException
at org.testng.internal.invokers.ExpectedExceptionsHolder.wrongException(ExpectedExceptionsHolder.java:67)
at org.testng.internal.invokers.TestInvoker.considerExceptionsInternal(TestInvoker.java:885)
at org.testng.internal.invokers.TestInvoker.considerExceptions(TestInvoker.java:860)
at org.testng.internal.invokers.TestInvoker.invokeMethod(TestInvoker.java:741)
at org.testng.internal.invokers.TestInvoker.invokeTestMethod(TestInvoker.java:230)
at org.testng.internal.invokers.MethodRunner.runInSequence(MethodRunner.java:63)
at org.testng.internal.invokers.TestInvoker$MethodInvocationAgent.invoke(TestInvoker.java:992)
at org.testng.internal.invokers.TestInvoker.invokeTestMethods(TestInvoker.java:203)
at org.testng.internal.invokers.TestMethodWorker.invokeTestMethods(TestMethodWorker.java:154)
at org.testng.internal.invokers.TestMethodWorker.run(TestMethodWorker.java:134)
at java.base/java.util.ArrayList.forEach(ArrayList.java:1596)
at org.testng.TestRunner.privateRun(TestRunner.java:739)
at org.testng.TestRunner.run(TestRunner.java:614)
at org.testng.SuiteRunner.runTest(SuiteRunner.java:421)
at org.testng.SuiteRunner$SuiteWorker.run(SuiteRunner.java:463)
at org.testng.internal.thread.ThreadUtil.lambda$execute$0(ThreadUtil.java:64)
at java.base/java.util.concurrent.FutureTask.run(FutureTask.java:317)
at java.base/java.util.concurrent.ThreadPoolExecutor.runWorker(ThreadPoolExecutor.java:1144)
at java.base/java.util.concurrent.ThreadPoolExecutor$Worker.run(ThreadPoolExecutor.java:642)
at java.base/java.lang.Thread.run(Thread.java:1583)
Caused by: java.lang.ArithmeticException
at com.skillio3.Practice.m3(Practice.java:34)
at java.base/jdk.internal.reflect.DirectMethodHandleAccessor.invoke(DirectMethodHandleAccessor.java:103)
at java.base/java.lang.reflect.Method.invoke(Method.java:580)
at org.testng.internal.invokers.MethodInvocationHelper.invokeMethod(MethodInvocationHelper.java:141)
at org.testng.internal.invokers.TestInvoker.invokeMethod(TestInvoker.java:686)
... 16 more
]]>
            </full-stacktrace>
          </exception> <!-- org.testng.TestException -->
          <reporter-output>
          </reporter-output>
        </test-method> <!-- m3 -->
      </class> <!-- com.skillio3.Practice -->
    </test> <!-- Test2 -->
    <test started-at="2026-03-20T23:16:38 IST" name="Test1" finished-at="2026-03-20T23:16:54 IST" duration-ms="15664">
      <class name="com.skillio3.beforeTestPractice">
        <test-method is-config="true" signature="beforeTestDemo(java.lang.String)[pri:0, instance:com.skillio3.beforeTestPractice@5dda768f]" started-at="2026-03-20T23:16:38 IST" name="beforeTestDemo" finished-at="2026-03-20T23:16:51 IST" duration-ms="13143" status="PASS">
          <params>
            <param index="0">
              <value>
                <![CDATA[chrome]]>
              </value>
            </param>
          </params>
          <reporter-output>
          </reporter-output>
        </test-method> <!-- beforeTestDemo -->
        <test-method signature="driverClose()[pri:0, instance:com.skillio3.beforeTestPractice@5dda768f]" started-at="2026-03-20T23:16:51 IST" name="driverClose" finished-at="2026-03-20T23:16:54 IST" duration-ms="2448" status="PASS">
          <reporter-output>
          </reporter-output>
        </test-method> <!-- driverClose -->
      </class> <!-- com.skillio3.beforeTestPractice -->
    </test> <!-- Test1 -->
  </suite> <!-- Suite -->
</testng-results>
